<?xml version="1.0" encoding="UTF-8"?>
<!-- Generated by org.testng.reporters.JUnitXMLReporter -->
<testsuite ignored="0" hostname="DESKTOP-8995CNM" failures="1" tests="2" name="Test" time="17.182" errors="0" timestamp="2021-03-23T05:39:34 IST">
  <testcase classname="in.at.base.BaseTest" name="@BeforeMethod init" time="0.013">
    <failure type="org.openqa.selenium.NoSuchSessionException" message="Session ID is null. Using WebDriver after calling quit()?
Build info: version: &amp;apos;3.141.59&amp;apos;, revision: &amp;apos;e82be7d358&amp;apos;, time: &amp;apos;2018-11-14T08:17:03&amp;apos;
System info: host: &amp;apos;DESKTOP-8995CNM&amp;apos;, ip: &amp;apos;10.0.2.15&amp;apos;, os.name: &amp;apos;Windows 10&amp;apos;, os.arch: &amp;apos;amd64&amp;apos;, os.version: &amp;apos;10.0&amp;apos;, java.version: &amp;apos;11.0.9&amp;apos;
Driver info: driver.version: RemoteWebDriver">
      <![CDATA[org.openqa.selenium.NoSuchSessionException: Session ID is null. Using WebDriver after calling quit()?
Build info: version: '3.141.59', revision: 'e82be7d358', time: '2018-11-14T08:17:03'
System info: host: 'DESKTOP-8995CNM', ip: '10.0.2.15', os.name: 'Windows 10', os.arch: 'amd64', os.version: '10.0', java.version: '11.0.9'
Driver info: driver.version: RemoteWebDriver
at org.openqa.selenium.remote.HttpCommandExecutor.execute(HttpCommandExecutor.java:125)
at org.openqa.selenium.remote.service.DriverCommandExecutor.execute(DriverCommandExecutor.java:83)
at org.openqa.selenium.remote.RemoteWebDriver.execute(RemoteWebDriver.java:552)
at org.openqa.selenium.remote.RemoteWebDriver.execute(RemoteWebDriver.java:609)
at org.openqa.selenium.remote.RemoteWebDriver$RemoteWebDriverOptions$RemoteWindow.maximize(RemoteWebDriver.java:837)
at in.at.base.BaseTest.init(BaseTest.java:86)
at java.base/java.util.ArrayList.forEach(ArrayList.java:1541)
... Removed 31 stack frames]]>
    </failure>
  </testcase> <!-- @BeforeMethod init -->
  <testcase classname="in.at.base.BaseTest" name="@AfterMethod getResult" time="-1.616458174111E9">
    <skipped/>
  </testcase> <!-- @AfterMethod getResult -->
  <testcase classname="in.at.tests.AdminFunctionality" name="verifyAdminCreation" time="6.951">
    <failure type="java.lang.AssertionError" message="expected [http://127.0.0.1:8000/admin-dashboar] but found [http://127.0.0.1:8000/admin-dashboard]">
      <![CDATA[java.lang.AssertionError: expected [http://127.0.0.1:8000/admin-dashboar] but found [http://127.0.0.1:8000/admin-dashboard]
at in.at.tests.AdminFunctionality.verifyAdminCreation(AdminFunctionality.java:37)
at java.base/java.util.ArrayList.forEach(ArrayList.java:1541)
... Removed 33 stack frames]]>
    </failure>
  </testcase> <!-- verifyAdminCreation -->
  <testcase classname="in.at.tests.AdminFunctionality" name="verifyAdminCreationInDB" time="0.0">
    <skipped/>
  </testcase> <!-- verifyAdminCreationInDB -->
</testsuite> <!-- Test -->
